<?xml version="1.0" encoding="UTF-8"?>
<!-- Generated by org.testng.reporters.JUnitReportReporter -->
<testsuite hostname="Nadine-PC" failures="0" tests="4" name="Automation.myData" time="0.088" errors="0" timestamp="2025-09-18T16:57:51 EET" skipped="0">
  <testcase classname="Automation.myData" name="AddNewRecord" time="0.029"/>
  <testcase classname="Automation.myData" name="updateData" time="0.008"/>
  <testcase classname="Automation.myData" name="readData" time="0.045"/>
  <testcase classname="Automation.myData" name="deleteData" time="0.006"/>
</testsuite> <!-- Automation.myData -->
