<?xml version="1.0" encoding="UTF-8"?>
<!-- Generated by org.testng.reporters.JUnitReportReporter -->
<testsuite hostname="Nadine-PC" failures="0" tests="4" name="AutomationDataBase.myData" time="0.105" errors="0" timestamp="2025-09-19T15:46:53 EET" skipped="0">
  <testcase classname="AutomationDataBase.myData" name="AddNewRecord" time="0.032"/>
  <testcase classname="AutomationDataBase.myData" name="updateData" time="0.008"/>
  <testcase classname="AutomationDataBase.myData" name="readData" time="0.057"/>
  <testcase classname="AutomationDataBase.myData" name="deleteData" time="0.008"/>
</testsuite> <!-- AutomationDataBase.myData -->
