<?xml version="1.0" encoding="UTF-8"?>
<!-- Generated by org.testng.reporters.JUnitReportReporter -->
<testsuite hostname="Nadine-PC" failures="0" tests="8" name="AutomationDataBase.myTestCases" time="29.297" errors="0" timestamp="2025-09-25T21:51:30 EET" skipped="1">
  <testcase classname="AutomationDataBase.myTestCases" name="AddNewRecord" time="0.080"/>
  <testcase classname="AutomationDataBase.myTestCases" name="readData" time="0.145"/>
  <testcase classname="AutomationDataBase.myTestCases" name="updateData" time="0.013"/>
  <testcase classname="AutomationDataBase.myTestCases" name="deleteData" time="0.021"/>
  <testcase classname="AutomationDataBase.myTestCases" name="SignupTest" time="17.718"/>
  <testcase classname="AutomationDataBase.myTestCases" name="LogoutTest" time="4.080"/>
  <testcase classname="AutomationDataBase.myTestCases" name="Login" time="7.240"/>
  <testcase classname="AutomationDataBase.myTestCases" name="AddItemToTheCart">
    <skipped/>
  </testcase> <!-- AddItemToTheCart -->
</testsuite> <!-- AutomationDataBase.myTestCases -->
