<?xml version="1.0" encoding="UTF-8"?>
<!-- Generated by org.testng.reporters.JUnitReportReporter -->
<testsuite hostname="Nadine-PC" failures="0" tests="3" name="Add3RandomItems" time="0.865" errors="0" timestamp="2025-09-08T15:32:42 EET" skipped="1">
  <testcase classname="Add3RandomItems" name="LoginWithNormalUser" time="0.497"/>
  <testcase classname="Add3RandomItems" name="AddThreeRandomItems" time="0.368"/>
  <testcase classname="Add3RandomItems" name="AddRandomItem">
    <skipped/>
  </testcase> <!-- AddRandomItem -->
</testsuite> <!-- Add3RandomItems -->
