<?xml version="1.0" encoding="UTF-8"?>
<!-- Generated by org.testng.reporters.JUnitReportReporter -->
<testsuite hostname="Nadine-PC" failures="0" tests="3" name="MyTest" time="5.047" errors="0" timestamp="2025-09-03T02:00:58 EET" skipped="0">
  <testcase classname="MyTest" name="LoginWithNormalUser" time="0.543"/>
  <testcase classname="MyTest" name="AddItems" time="0.302"/>
  <testcase classname="MyTest" name="CheckoutProcess" time="4.202"/>
</testsuite> <!-- MyTest -->
