<?xml version="1.0" encoding="UTF-8"?>
<!-- Generated by org.testng.reporters.JUnitReportReporter -->
<testsuite hostname="Nadine-PC" failures="0" tests="8" name="Automation.MyTestCases" time="24.035" errors="0" timestamp="2025-09-16T15:58:44 EET" skipped="3">
  <testcase classname="Automation.MyTestCases" name="AddItemToTheCart" time="3.423"/>
  <testcase classname="Automation.MyTestCases" name="AddItemToTheCart" time="4.580"/>
  <testcase classname="Automation.MyTestCases" name="AddItemToTheCart" time="4.000"/>
  <testcase classname="Automation.MyTestCases" name="AddItemToTheCart" time="8.728"/>
  <testcase classname="Automation.MyTestCases" name="AddItemToTheCart" time="3.304"/>
  <testcase classname="Automation.MyTestCases" name="Login">
    <skipped/>
  </testcase> <!-- Login -->
  <testcase classname="Automation.MyTestCases" name="LogoutTest">
    <skipped/>
  </testcase> <!-- LogoutTest -->
  <testcase classname="Automation.MyTestCases" name="SignupTest">
    <skipped/>
  </testcase> <!-- SignupTest -->
</testsuite> <!-- Automation.MyTestCases -->
