<?xml version="1.0" encoding="UTF-8"?>
<!-- Generated by org.testng.reporters.JUnitReportReporter -->
<testsuite hostname="Nadine-PC" failures="0" tests="4" name="Automation.TestCases" time="0.718" errors="0" timestamp="2025-09-18T16:31:55 EET" skipped="0">
  <testcase classname="Automation.TestCases" name="AddNewRecord" time="0.026"/>
  <testcase classname="Automation.TestCases" name="updateData" time="0.007"/>
  <testcase classname="Automation.TestCases" name="readData" time="0.671"/>
  <testcase classname="Automation.TestCases" name="deleteData" time="0.014"/>
</testsuite> <!-- Automation.TestCases -->
