<?xml version="1.0" encoding="UTF-8"?>
<!-- Generated by org.testng.reporters.JUnitReportReporter -->
<testsuite hostname="Nadine-PC" failures="0" tests="2" name="AddRandomItem" time="0.920" errors="0" timestamp="2025-09-03T21:58:56 EET" skipped="0">
  <testcase classname="AddRandomItem" name="LoginWithNormalUser" time="0.612"/>
  <testcase classname="AddRandomItem" name="AddRandomItem" time="0.308"/>
</testsuite> <!-- AddRandomItem -->
